# JRE version: OpenJDK Runtime Environment Temurin-17.0.4.1+1 (17.0.4.1+1) (build 17.0.4.1+1)
# Java VM: OpenJDK 64-Bit Server VM Temurin-17.0.4.1+1 (17.0.4.1+1, mixed mode, emulated-client, tiered, compressed oops, compressed class ptrs, g1 gc, windows-amd64)
GC Precious Log:
 CPUs: 8 total, 8 available
 Memory: 7934M
 Large Page Support: Disabled
 NUMA Support: Disabled
 Compressed Oops: Enabled (32-bit)
 Heap Region Size: 1M
 Heap Min Capacity: 8M
 Heap Initial Capacity: 124M
 Heap Max Capacity: 1984M
 Pre-touch: Disabled
 Parallel Workers: 8
 Concurrent Workers: 2
 Concurrent Refinement Workers: 8
 Periodic GC: Disabled
Heap:
 garbage-first heap   total 126976K, used 44032K [0x0000000084000000, 0x0000000100000000)
  region size 1024K, 5 young (5120K), 5 survivors (5120K)
 Metaspace       used 35360K, committed 35712K, reserved 1081344K
  class space    used 4545K, committed 4736K, reserved 1048576K
GC Heap History (19 events):
Event: 0.546 GC heap before
{Heap before GC invocations=0 (full 0):
 garbage-first heap   total 126976K, used 22528K [0x0000000084000000, 0x0000000100000000)
  region size 1024K, 23 young (23552K), 0 survivors (0K)
 Metaspace       used 10194K, committed 10368K, reserved 1064960K
  class space    used 1166K, committed 1280K, reserved 1048576K
}
Event: 0.552 GC heap after
{Heap after GC invocations=1 (full 0):
 garbage-first heap   total 126976K, used 8113K [0x0000000084000000, 0x0000000100000000)
  region size 1024K, 3 young (3072K), 3 survivors (3072K)
 Metaspace       used 10194K, committed 10368K, reserved 1064960K
  class space    used 1166K, committed 1280K, reserved 1048576K
}
Event: 0.933 GC heap before
{Heap before GC invocations=1 (full 0):
 garbage-first heap   total 126976K, used 32689K [0x0000000084000000, 0x0000000100000000)
  region size 1024K, 27 young (27648K), 3 survivors (3072K)
 Metaspace       used 17148K, committed 17408K, reserved 1064960K
  class space    used 2117K, committed 2240K, reserved 1048576K
}
Event: 0.937 GC heap after
{Heap after GC invocations=2 (full 0):
 garbage-first heap   total 126976K, used 11024K [0x0000000084000000, 0x0000000100000000)
  region size 1024K, 3 young (3072K), 3 survivors (3072K)
 Metaspace       used 17148K, committed 17408K, reserved 1064960K
  class space    used 2117K, committed 2240K, reserved 1048576K
}
Event: 1.045 GC heap before
{Heap before GC invocations=2 (full 0):
 garbage-first heap   total 126976K, used 28432K [0x0000000084000000, 0x0000000100000000)
  region size 1024K, 22 young (22528K), 3 survivors (3072K)
 Metaspace       used 21269K, committed 21504K, reserved 1073152K
  class space    used 2603K, committed 2752K, reserved 1048576K
}
Event: 1.047 GC heap after
{Heap after GC invocations=3 (full 0):
 garbage-first heap   total 126976K, used 11620K [0x0000000084000000, 0x0000000100000000)
  region size 1024K, 4 young (4096K), 4 survivors (4096K)
 Metaspace       used 21269K, committed 21504K, reserved 1073152K
  class space    used 2603K, committed 2752K, reserved 1048576K
}
Event: 1.279 GC heap before
{Heap before GC invocations=4 (full 0):
 garbage-first heap   total 48128K, used 35172K [0x0000000084000000, 0x0000000100000000)
  region size 1024K, 28 young (28672K), 4 survivors (4096K)
 Metaspace       used 24868K, committed 25088K, reserved 1073152K
  class space    used 3066K, committed 3136K, reserved 1048576K
}
Event: 1.284 GC heap after
{Heap after GC invocations=5 (full 0):
 garbage-first heap   total 48128K, used 13073K [0x0000000084000000, 0x0000000100000000)
  region size 1024K, 5 young (5120K), 5 survivors (5120K)
 Metaspace       used 24868K, committed 25088K, reserved 1073152K
  class space    used 3066K, committed 3136K, reserved 1048576K
}
Event: 1.298 GC heap before
{Heap before GC invocations=5 (full 0):
 garbage-first heap   total 48128K, used 13073K [0x0000000084000000, 0x0000000100000000)
  region size 1024K, 6 young (6144K), 5 survivors (5120K)
 Metaspace       used 25114K, committed 25408K, reserved 1073152K
  class space    used 3097K, committed 3264K, reserved 1048576K
}
Event: 1.303 GC heap after
{Heap after GC invocations=6 (full 0):
 garbage-first heap   total 48128K, used 13340K [0x0000000084000000, 0x0000000100000000)
  region size 1024K, 1 young (1024K), 1 survivors (1024K)
 Metaspace       used 25114K, committed 25408K, reserved 1073152K
  class space    used 3097K, committed 3264K, reserved 1048576K
}
Event: 1.556 GC heap before
{Heap before GC invocations=6 (full 0):
 garbage-first heap   total 48128K, used 31772K [0x0000000084000000, 0x0000000100000000)
  region size 1024K, 19 young (19456K), 1 survivors (1024K)
 Metaspace       used 27924K, committed 28160K, reserved 1081344K
  class space    used 3508K, committed 3648K, reserved 1048576K
}
Event: 1.560 GC heap after
{Heap after GC invocations=7 (full 0):
 garbage-first heap   total 94208K, used 17109K [0x0000000084000000, 0x0000000100000000)
  region size 1024K, 3 young (3072K), 3 survivors (3072K)
 Metaspace       used 27924K, committed 28160K, reserved 1081344K
  class space    used 3508K, committed 3648K, reserved 1048576K
}
Event: 1.907 GC heap before
{Heap before GC invocations=7 (full 0):
 garbage-first heap   total 94208K, used 66261K [0x0000000084000000, 0x0000000100000000)
  region size 1024K, 52 young (53248K), 3 survivors (3072K)
 Metaspace       used 33342K, committed 33600K, reserved 1081344K
  class space    used 4236K, committed 4352K, reserved 1048576K
}
Event: 1.913 GC heap after
{Heap after GC invocations=8 (full 0):
 garbage-first heap   total 94208K, used 22585K [0x0000000084000000, 0x0000000100000000)
  region size 1024K, 7 young (7168K), 7 survivors (7168K)
 Metaspace       used 33342K, committed 33600K, reserved 1081344K
  class space    used 4236K, committed 4352K, reserved 1048576K
}
Event: 2.020 GC heap before
{Heap before GC invocations=8 (full 0):
 garbage-first heap   total 94208K, used 62521K [0x0000000084000000, 0x0000000100000000)
  region size 1024K, 47 young (48128K), 7 survivors (7168K)
 Metaspace       used 34353K, committed 34624K, reserved 1081344K
  class space    used 4387K, committed 4544K, reserved 1048576K
}
Event: 2.027 GC heap after
{Heap after GC invocations=9 (full 0):
 garbage-first heap   total 94208K, used 29675K [0x0000000084000000, 0x0000000100000000)
  region size 1024K, 6 young (6144K), 6 survivors (6144K)
 Metaspace       used 34353K, committed 34624K, reserved 1081344K
  class space    used 4387K, committed 4544K, reserved 1048576K
}
Event: 2.093 GC heap before
{Heap before GC invocations=9 (full 0):
 garbage-first heap   total 94208K, used 65515K [0x0000000084000000, 0x0000000100000000)
  region size 1024K, 41 young (41984K), 6 survivors (6144K)
 Metaspace       used 34735K, committed 35072K, reserved 1081344K
  class space    used 4441K, committed 4608K, reserved 1048576K
}
Event: 2.100 GC heap after
{Heap after GC invocations=10 (full 0):
 garbage-first heap   total 94208K, used 38039K [0x0000000084000000, 0x0000000100000000)
  region size 1024K, 6 young (6144K), 6 survivors (6144K)
 Metaspace       used 34735K, committed 35072K, reserved 1081344K
  class space    used 4441K, committed 4608K, reserved 1048576K
}
Event: 2.161 GC heap before
{Heap before GC invocations=10 (full 0):
 garbage-first heap   total 94208K, used 66711K [0x0000000084000000, 0x0000000100000000)
  region size 1024K, 34 young (34816K), 6 survivors (6144K)
 Metaspace       used 35360K, committed 35712K, reserved 1081344K
  class space    used 4545K, committed 4736K, reserved 1048576K
}

