# JRE version: OpenJDK Runtime Environment Temurin-17.0.4.1+1 (17.0.4.1+1) (build 17.0.4.1+1)
# Java VM: OpenJDK 64-Bit Server VM Temurin-17.0.4.1+1 (17.0.4.1+1, mixed mode, emulated-client, tiered, compressed oops, compressed class ptrs, g1 gc, windows-amd64)
GC Precious Log:
 CPUs: 8 total, 8 available
 Memory: 7934M
 Large Page Support: Disabled
 NUMA Support: Disabled
 Compressed Oops: Enabled (32-bit)
 Heap Region Size: 1M
 Heap Min Capacity: 8M
 Heap Initial Capacity: 124M
 Heap Max Capacity: 1984M
 Pre-touch: Disabled
 Parallel Workers: 8
 Concurrent Workers: 2
 Concurrent Refinement Workers: 8
 Periodic GC: Disabled
Heap:
 garbage-first heap   total 126976K, used 45782K [0x0000000084000000, 0x0000000100000000)
  region size 1024K, 4 young (4096K), 4 survivors (4096K)
 Metaspace       used 35358K, committed 35648K, reserved 1081344K
  class space    used 4543K, committed 4672K, reserved 1048576K
GC Heap History (20 events):
Event: 0.675 GC heap after
{Heap after GC invocations=1 (full 0):
 garbage-first heap   total 126976K, used 7999K [0x0000000084000000, 0x0000000100000000)
  region size 1024K, 3 young (3072K), 3 survivors (3072K)
 Metaspace       used 10176K, committed 10368K, reserved 1064960K
  class space    used 1165K, committed 1280K, reserved 1048576K
}
Event: 1.057 GC heap before
{Heap before GC invocations=1 (full 0):
 garbage-first heap   total 126976K, used 28479K [0x0000000084000000, 0x0000000100000000)
  region size 1024K, 24 young (24576K), 3 survivors (3072K)
 Metaspace       used 16199K, committed 16448K, reserved 1064960K
  class space    used 1980K, committed 2112K, reserved 1048576K
}
Event: 1.064 GC heap after
{Heap after GC invocations=2 (full 0):
 garbage-first heap   total 126976K, used 10251K [0x0000000084000000, 0x0000000100000000)
  region size 1024K, 3 young (3072K), 3 survivors (3072K)
 Metaspace       used 16199K, committed 16448K, reserved 1064960K
  class space    used 1980K, committed 2112K, reserved 1048576K
}
Event: 1.274 GC heap before
{Heap before GC invocations=2 (full 0):
 garbage-first heap   total 126976K, used 31755K [0x0000000084000000, 0x0000000100000000)
  region size 1024K, 25 young (25600K), 3 survivors (3072K)
 Metaspace       used 21269K, committed 21504K, reserved 1073152K
  class space    used 2603K, committed 2752K, reserved 1048576K
}
Event: 1.278 GC heap after
{Heap after GC invocations=3 (full 0):
 garbage-first heap   total 126976K, used 11284K [0x0000000084000000, 0x0000000100000000)
  region size 1024K, 4 young (4096K), 4 survivors (4096K)
 Metaspace       used 21269K, committed 21504K, reserved 1073152K
  class space    used 2603K, committed 2752K, reserved 1048576K
}
Event: 1.593 GC heap before
{Heap before GC invocations=4 (full 0):
 garbage-first heap   total 48128K, used 33812K [0x0000000084000000, 0x0000000100000000)
  region size 1024K, 28 young (28672K), 4 survivors (4096K)
 Metaspace       used 24958K, committed 25152K, reserved 1073152K
  class space    used 3078K, committed 3136K, reserved 1048576K
}
Event: 1.598 GC heap after
{Heap after GC invocations=5 (full 0):
 garbage-first heap   total 48128K, used 12809K [0x0000000084000000, 0x0000000100000000)
  region size 1024K, 5 young (5120K), 5 survivors (5120K)
 Metaspace       used 24958K, committed 25152K, reserved 1073152K
  class space    used 3078K, committed 3136K, reserved 1048576K
}
Event: 1.618 GC heap before
{Heap before GC invocations=5 (full 0):
 garbage-first heap   total 48128K, used 13833K [0x0000000084000000, 0x0000000100000000)
  region size 1024K, 6 young (6144K), 5 survivors (5120K)
 Metaspace       used 25217K, committed 25472K, reserved 1073152K
  class space    used 3105K, committed 3264K, reserved 1048576K
}
Event: 1.625 GC heap after
{Heap after GC invocations=6 (full 0):
 garbage-first heap   total 48128K, used 13199K [0x0000000084000000, 0x0000000100000000)
  region size 1024K, 1 young (1024K), 1 survivors (1024K)
 Metaspace       used 25217K, committed 25472K, reserved 1073152K
  class space    used 3105K, committed 3264K, reserved 1048576K
}
Event: 1.933 GC heap before
{Heap before GC invocations=6 (full 0):
 garbage-first heap   total 48128K, used 30607K [0x0000000084000000, 0x0000000100000000)
  region size 1024K, 19 young (19456K), 1 survivors (1024K)
 Metaspace       used 27924K, committed 28160K, reserved 1081344K
  class space    used 3508K, committed 3648K, reserved 1048576K
}
Event: 1.936 GC heap after
{Heap after GC invocations=7 (full 0):
 garbage-first heap   total 48128K, used 14433K [0x0000000084000000, 0x0000000100000000)
  region size 1024K, 2 young (2048K), 2 survivors (2048K)
 Metaspace       used 27924K, committed 28160K, reserved 1081344K
  class space    used 3508K, committed 3648K, reserved 1048576K
}
Event: 2.256 GC heap before
{Heap before GC invocations=7 (full 0):
 garbage-first heap   total 48128K, used 31841K [0x0000000084000000, 0x0000000100000000)
  region size 1024K, 20 young (20480K), 2 survivors (2048K)
 Metaspace       used 31908K, committed 32192K, reserved 1081344K
  class space    used 4033K, committed 4160K, reserved 1048576K
}
Event: 2.262 GC heap after
{Heap after GC invocations=8 (full 0):
 garbage-first heap   total 91136K, used 15972K [0x0000000084000000, 0x0000000100000000)
  region size 1024K, 2 young (2048K), 2 survivors (2048K)
 Metaspace       used 31908K, committed 32192K, reserved 1081344K
  class space    used 4033K, committed 4160K, reserved 1048576K
}
Event: 2.503 GC heap before
{Heap before GC invocations=8 (full 0):
 garbage-first heap   total 91136K, used 66148K [0x0000000084000000, 0x0000000100000000)
  region size 1024K, 51 young (52224K), 2 survivors (2048K)
 Metaspace       used 33567K, committed 33856K, reserved 1081344K
  class space    used 4272K, committed 4416K, reserved 1048576K
}
Event: 2.510 GC heap after
{Heap after GC invocations=9 (full 0):
 garbage-first heap   total 91136K, used 24687K [0x0000000084000000, 0x0000000100000000)
  region size 1024K, 7 young (7168K), 7 survivors (7168K)
 Metaspace       used 33567K, committed 33856K, reserved 1081344K
  class space    used 4272K, committed 4416K, reserved 1048576K
}
Event: 2.602 GC heap before
{Heap before GC invocations=9 (full 0):
 garbage-first heap   total 91136K, used 59503K [0x0000000084000000, 0x0000000100000000)
  region size 1024K, 41 young (41984K), 7 survivors (7168K)
 Metaspace       used 34307K, committed 34624K, reserved 1081344K
  class space    used 4379K, committed 4544K, reserved 1048576K
}
Event: 2.609 GC heap after
{Heap after GC invocations=10 (full 0):
 garbage-first heap   total 91136K, used 30813K [0x0000000084000000, 0x0000000100000000)
  region size 1024K, 6 young (6144K), 6 survivors (6144K)
 Metaspace       used 34307K, committed 34624K, reserved 1081344K
  class space    used 4379K, committed 4544K, reserved 1048576K
}
Event: 2.671 GC heap before
{Heap before GC invocations=10 (full 0):
 garbage-first heap   total 91136K, used 62557K [0x0000000084000000, 0x0000000100000000)
  region size 1024K, 38 young (38912K), 6 survivors (6144K)
 Metaspace       used 34652K, committed 35008K, reserved 1081344K
  class space    used 4428K, committed 4608K, reserved 1048576K
}
Event: 2.678 GC heap after
{Heap after GC invocations=11 (full 0):
 garbage-first heap   total 91136K, used 38483K [0x0000000084000000, 0x0000000100000000)
  region size 1024K, 5 young (5120K), 5 survivors (5120K)
 Metaspace       used 34652K, committed 35008K, reserved 1081344K
  class space    used 4428K, committed 4608K, reserved 1048576K
}
Event: 2.760 GC heap before
{Heap before GC invocations=11 (full 0):
 garbage-first heap   total 91136K, used 66131K [0x0000000084000000, 0x0000000100000000)
  region size 1024K, 32 young (32768K), 5 survivors (5120K)
 Metaspace       used 35358K, committed 35648K, reserved 1081344K
  class space    used 4543K, committed 4672K, reserved 1048576K
}

