# JRE version: OpenJDK Runtime Environment Temurin-17.0.4.1+1 (17.0.4.1+1) (build 17.0.4.1+1)
# Java VM: OpenJDK 64-Bit Server VM Temurin-17.0.4.1+1 (17.0.4.1+1, mixed mode, emulated-client, tiered, compressed oops, compressed class ptrs, g1 gc, windows-amd64)
GC Precious Log:
 CPUs: 8 total, 8 available
 Memory: 7934M
 Large Page Support: Disabled
 NUMA Support: Disabled
 Compressed Oops: Enabled (32-bit)
 Heap Region Size: 1M
 Heap Min Capacity: 8M
 Heap Initial Capacity: 124M
 Heap Max Capacity: 1984M
 Pre-touch: Disabled
 Parallel Workers: 8
 Concurrent Workers: 2
 Concurrent Refinement Workers: 8
 Periodic GC: Disabled
Heap:
 garbage-first heap   total 115712K, used 67021K [0x0000000084000000, 0x0000000100000000)
  region size 1024K, 2 young (2048K), 2 survivors (2048K)
 Metaspace       used 37028K, committed 37312K, reserved 1089536K
  class space    used 4783K, committed 4928K, reserved 1048576K
GC Heap History (20 events):
Event: 2.931 GC heap after
{Heap after GC invocations=8 (full 0):
 garbage-first heap   total 48128K, used 16185K [0x0000000084000000, 0x0000000100000000)
  region size 1024K, 2 young (2048K), 2 survivors (2048K)
 Metaspace       used 32004K, committed 32320K, reserved 1081344K
  class space    used 4046K, committed 4160K, reserved 1048576K
}
Event: 3.033 GC heap before
{Heap before GC invocations=8 (full 0):
 garbage-first heap   total 48128K, used 32569K [0x0000000084000000, 0x0000000100000000)
  region size 1024K, 19 young (19456K), 2 survivors (2048K)
 Metaspace       used 33186K, committed 33472K, reserved 1081344K
  class space    used 4209K, committed 4352K, reserved 1048576K
}
Event: 3.038 GC heap after
{Heap after GC invocations=9 (full 0):
 garbage-first heap   total 70656K, used 19535K [0x0000000084000000, 0x0000000100000000)
  region size 1024K, 3 young (3072K), 3 survivors (3072K)
 Metaspace       used 33186K, committed 33472K, reserved 1081344K
  class space    used 4209K, committed 4352K, reserved 1048576K
}
Event: 3.138 GC heap before
{Heap before GC invocations=9 (full 0):
 garbage-first heap   total 70656K, used 48207K [0x0000000084000000, 0x0000000100000000)
  region size 1024K, 32 young (32768K), 3 survivors (3072K)
 Metaspace       used 33330K, committed 33600K, reserved 1081344K
  class space    used 4235K, committed 4352K, reserved 1048576K
}
Event: 3.143 GC heap after
{Heap after GC invocations=10 (full 0):
 garbage-first heap   total 70656K, used 24790K [0x0000000084000000, 0x0000000100000000)
  region size 1024K, 4 young (4096K), 4 survivors (4096K)
 Metaspace       used 33330K, committed 33600K, reserved 1081344K
  class space    used 4235K, committed 4352K, reserved 1048576K
}
Event: 3.215 GC heap before
{Heap before GC invocations=10 (full 0):
 garbage-first heap   total 70656K, used 49366K [0x0000000084000000, 0x0000000100000000)
  region size 1024K, 28 young (28672K), 4 survivors (4096K)
 Metaspace       used 33940K, committed 34240K, reserved 1081344K
  class space    used 4328K, committed 4480K, reserved 1048576K
}
Event: 3.220 GC heap after
{Heap after GC invocations=11 (full 0):
 garbage-first heap   total 70656K, used 29363K [0x0000000084000000, 0x0000000100000000)
  region size 1024K, 4 young (4096K), 4 survivors (4096K)
 Metaspace       used 33940K, committed 34240K, reserved 1081344K
  class space    used 4328K, committed 4480K, reserved 1048576K
}
Event: 3.266 GC heap before
{Heap before GC invocations=11 (full 0):
 garbage-first heap   total 70656K, used 50867K [0x0000000084000000, 0x0000000100000000)
  region size 1024K, 26 young (26624K), 4 survivors (4096K)
 Metaspace       used 34257K, committed 34560K, reserved 1081344K
  class space    used 4370K, committed 4544K, reserved 1048576K
}
Event: 3.270 GC heap after
{Heap after GC invocations=12 (full 0):
 garbage-first heap   total 70656K, used 33498K [0x0000000084000000, 0x0000000100000000)
  region size 1024K, 4 young (4096K), 4 survivors (4096K)
 Metaspace       used 34257K, committed 34560K, reserved 1081344K
  class space    used 4370K, committed 4544K, reserved 1048576K
}
Event: 3.301 GC heap before
{Heap before GC invocations=12 (full 0):
 garbage-first heap   total 70656K, used 52954K [0x0000000084000000, 0x0000000100000000)
  region size 1024K, 23 young (23552K), 4 survivors (4096K)
 Metaspace       used 34389K, committed 34688K, reserved 1081344K
  class space    used 4389K, committed 4544K, reserved 1048576K
}
Event: 3.309 GC heap after
{Heap after GC invocations=13 (full 0):
 garbage-first heap   total 115712K, used 39497K [0x0000000084000000, 0x0000000100000000)
  region size 1024K, 3 young (3072K), 3 survivors (3072K)
 Metaspace       used 34389K, committed 34688K, reserved 1081344K
  class space    used 4389K, committed 4544K, reserved 1048576K
}
Event: 3.533 GC heap before
{Heap before GC invocations=13 (full 0):
 garbage-first heap   total 115712K, used 72265K [0x0000000084000000, 0x0000000100000000)
  region size 1024K, 37 young (37888K), 3 survivors (3072K)
 Metaspace       used 35780K, committed 36096K, reserved 1081344K
  class space    used 4638K, committed 4800K, reserved 1048576K
}
Event: 3.542 GC heap after
{Heap after GC invocations=14 (full 0):
 garbage-first heap   total 115712K, used 46226K [0x0000000084000000, 0x0000000100000000)
  region size 1024K, 6 young (6144K), 6 survivors (6144K)
 Metaspace       used 35780K, committed 36096K, reserved 1081344K
  class space    used 4638K, committed 4800K, reserved 1048576K
}
Event: 3.788 GC heap before
{Heap before GC invocations=15 (full 0):
 garbage-first heap   total 115712K, used 81042K [0x0000000084000000, 0x0000000100000000)
  region size 1024K, 39 young (39936K), 6 survivors (6144K)
 Metaspace       used 36669K, committed 36992K, reserved 1081344K
  class space    used 4749K, committed 4928K, reserved 1048576K
}
Event: 3.808 GC heap after
{Heap after GC invocations=16 (full 0):
 garbage-first heap   total 115712K, used 61380K [0x0000000084000000, 0x0000000100000000)
  region size 1024K, 5 young (5120K), 5 survivors (5120K)
 Metaspace       used 36669K, committed 36992K, reserved 1081344K
  class space    used 4749K, committed 4928K, reserved 1048576K
}
Event: 3.842 GC heap before
{Heap before GC invocations=16 (full 0):
 garbage-first heap   total 115712K, used 82884K [0x0000000084000000, 0x0000000100000000)
  region size 1024K, 27 young (27648K), 5 survivors (5120K)
 Metaspace       used 36886K, committed 37184K, reserved 1081344K
  class space    used 4766K, committed 4928K, reserved 1048576K
}
Event: 3.852 GC heap after
{Heap after GC invocations=17 (full 0):
 garbage-first heap   total 115712K, used 65148K [0x0000000084000000, 0x0000000100000000)
  region size 1024K, 3 young (3072K), 3 survivors (3072K)
 Metaspace       used 36886K, committed 37184K, reserved 1081344K
  class space    used 4766K, committed 4928K, reserved 1048576K
}
Event: 3.870 GC heap before
{Heap before GC invocations=17 (full 0):
 garbage-first heap   total 115712K, used 85628K [0x0000000084000000, 0x0000000100000000)
  region size 1024K, 24 young (24576K), 3 survivors (3072K)
 Metaspace       used 36912K, committed 37248K, reserved 1081344K
  class space    used 4768K, committed 4928K, reserved 1048576K
}
Event: 3.878 GC heap after
{Heap after GC invocations=18 (full 0):
 garbage-first heap   total 115712K, used 66243K [0x0000000084000000, 0x0000000100000000)
  region size 1024K, 2 young (2048K), 2 survivors (2048K)
 Metaspace       used 36912K, committed 37248K, reserved 1081344K
  class space    used 4768K, committed 4928K, reserved 1048576K
}
Event: 3.892 GC heap before
{Heap before GC invocations=18 (full 0):
 garbage-first heap   total 115712K, used 86723K [0x0000000084000000, 0x0000000100000000)
  region size 1024K, 23 young (23552K), 2 survivors (2048K)
 Metaspace       used 37028K, committed 37312K, reserved 1089536K
  class space    used 4783K, committed 4928K, reserved 1048576K
}

