# JRE version: OpenJDK Runtime Environment Temurin-17.0.4.1+1 (17.0.4.1+1) (build 17.0.4.1+1)
# Java VM: OpenJDK 64-Bit Server VM Temurin-17.0.4.1+1 (17.0.4.1+1, mixed mode, emulated-client, tiered, compressed oops, compressed class ptrs, g1 gc, windows-amd64)
GC Precious Log:
 CPUs: 8 total, 8 available
 Memory: 7934M
 Large Page Support: Disabled
 NUMA Support: Disabled
 Compressed Oops: Enabled (32-bit)
 Heap Region Size: 1M
 Heap Min Capacity: 8M
 Heap Initial Capacity: 124M
 Heap Max Capacity: 1984M
 Pre-touch: Disabled
 Parallel Workers: 8
 Concurrent Workers: 2
 Concurrent Refinement Workers: 8
 Periodic GC: Disabled
Heap:
 garbage-first heap   total 133120K, used 41843K [0x0000000084000000, 0x0000000100000000)
  region size 1024K, 1 young (1024K), 0 survivors (0K)
 Metaspace       used 53993K, committed 54336K, reserved 1097728K
  class space    used 7135K, committed 7296K, reserved 1048576K
GC Heap History (20 events):
Event: 23927.389 GC heap before
{Heap before GC invocations=2249 (full 2192):
 garbage-first heap   total 133120K, used 41843K [0x0000000084000000, 0x0000000100000000)
  region size 1024K, 1 young (1024K), 0 survivors (0K)
 Metaspace       used 53993K, committed 54336K, reserved 1097728K
  class space    used 7135K, committed 7296K, reserved 1048576K
}
Event: 23927.422 GC heap after
{Heap after GC invocations=2250 (full 2193):
 garbage-first heap   total 133120K, used 41843K [0x0000000084000000, 0x0000000100000000)
  region size 1024K, 0 young (0K), 0 survivors (0K)
 Metaspace       used 53993K, committed 54336K, reserved 1097728K
  class space    used 7135K, committed 7296K, reserved 1048576K
}
Event: 23937.689 GC heap before
{Heap before GC invocations=2250 (full 2193):
 garbage-first heap   total 133120K, used 41843K [0x0000000084000000, 0x0000000100000000)
  region size 1024K, 1 young (1024K), 0 survivors (0K)
 Metaspace       used 53993K, committed 54336K, reserved 1097728K
  class space    used 7135K, committed 7296K, reserved 1048576K
}
Event: 23937.715 GC heap after
{Heap after GC invocations=2251 (full 2194):
 garbage-first heap   total 133120K, used 41843K [0x0000000084000000, 0x0000000100000000)
  region size 1024K, 0 young (0K), 0 survivors (0K)
 Metaspace       used 53993K, committed 54336K, reserved 1097728K
  class space    used 7135K, committed 7296K, reserved 1048576K
}
Event: 23947.867 GC heap before
{Heap before GC invocations=2251 (full 2194):
 garbage-first heap   total 133120K, used 41843K [0x0000000084000000, 0x0000000100000000)
  region size 1024K, 1 young (1024K), 0 survivors (0K)
 Metaspace       used 53993K, committed 54336K, reserved 1097728K
  class space    used 7135K, committed 7296K, reserved 1048576K
}
Event: 23947.896 GC heap after
{Heap after GC invocations=2252 (full 2195):
 garbage-first heap   total 133120K, used 41843K [0x0000000084000000, 0x0000000100000000)
  region size 1024K, 0 young (0K), 0 survivors (0K)
 Metaspace       used 53993K, committed 54336K, reserved 1097728K
  class space    used 7135K, committed 7296K, reserved 1048576K
}
Event: 23958.048 GC heap before
{Heap before GC invocations=2252 (full 2195):
 garbage-first heap   total 133120K, used 41843K [0x0000000084000000, 0x0000000100000000)
  region size 1024K, 1 young (1024K), 0 survivors (0K)
 Metaspace       used 53993K, committed 54336K, reserved 1097728K
  class space    used 7135K, committed 7296K, reserved 1048576K
}
Event: 23958.076 GC heap after
{Heap after GC invocations=2253 (full 2196):
 garbage-first heap   total 133120K, used 41843K [0x0000000084000000, 0x0000000100000000)
  region size 1024K, 0 young (0K), 0 survivors (0K)
 Metaspace       used 53993K, committed 54336K, reserved 1097728K
  class space    used 7135K, committed 7296K, reserved 1048576K
}
Event: 23968.257 GC heap before
{Heap before GC invocations=2253 (full 2196):
 garbage-first heap   total 133120K, used 41843K [0x0000000084000000, 0x0000000100000000)
  region size 1024K, 1 young (1024K), 0 survivors (0K)
 Metaspace       used 53993K, committed 54336K, reserved 1097728K
  class space    used 7135K, committed 7296K, reserved 1048576K
}
Event: 23968.282 GC heap after
{Heap after GC invocations=2254 (full 2197):
 garbage-first heap   total 133120K, used 41843K [0x0000000084000000, 0x0000000100000000)
  region size 1024K, 0 young (0K), 0 survivors (0K)
 Metaspace       used 53993K, committed 54336K, reserved 1097728K
  class space    used 7135K, committed 7296K, reserved 1048576K
}
Event: 23978.624 GC heap before
{Heap before GC invocations=2254 (full 2197):
 garbage-first heap   total 133120K, used 41843K [0x0000000084000000, 0x0000000100000000)
  region size 1024K, 1 young (1024K), 0 survivors (0K)
 Metaspace       used 53993K, committed 54336K, reserved 1097728K
  class space    used 7135K, committed 7296K, reserved 1048576K
}
Event: 23978.653 GC heap after
{Heap after GC invocations=2255 (full 2198):
 garbage-first heap   total 133120K, used 41843K [0x0000000084000000, 0x0000000100000000)
  region size 1024K, 0 young (0K), 0 survivors (0K)
 Metaspace       used 53993K, committed 54336K, reserved 1097728K
  class space    used 7135K, committed 7296K, reserved 1048576K
}
Event: 23988.842 GC heap before
{Heap before GC invocations=2255 (full 2198):
 garbage-first heap   total 133120K, used 41843K [0x0000000084000000, 0x0000000100000000)
  region size 1024K, 1 young (1024K), 0 survivors (0K)
 Metaspace       used 53993K, committed 54336K, reserved 1097728K
  class space    used 7135K, committed 7296K, reserved 1048576K
}
Event: 23988.875 GC heap after
{Heap after GC invocations=2256 (full 2199):
 garbage-first heap   total 133120K, used 41843K [0x0000000084000000, 0x0000000100000000)
  region size 1024K, 0 young (0K), 0 survivors (0K)
 Metaspace       used 53993K, committed 54336K, reserved 1097728K
  class space    used 7135K, committed 7296K, reserved 1048576K
}
Event: 23999.049 GC heap before
{Heap before GC invocations=2256 (full 2199):
 garbage-first heap   total 133120K, used 41843K [0x0000000084000000, 0x0000000100000000)
  region size 1024K, 1 young (1024K), 0 survivors (0K)
 Metaspace       used 53993K, committed 54336K, reserved 1097728K
  class space    used 7135K, committed 7296K, reserved 1048576K
}
Event: 23999.079 GC heap after
{Heap after GC invocations=2257 (full 2200):
 garbage-first heap   total 133120K, used 41843K [0x0000000084000000, 0x0000000100000000)
  region size 1024K, 0 young (0K), 0 survivors (0K)
 Metaspace       used 53993K, committed 54336K, reserved 1097728K
  class space    used 7135K, committed 7296K, reserved 1048576K
}
Event: 24009.268 GC heap before
{Heap before GC invocations=2257 (full 2200):
 garbage-first heap   total 133120K, used 41843K [0x0000000084000000, 0x0000000100000000)
  region size 1024K, 1 young (1024K), 0 survivors (0K)
 Metaspace       used 53993K, committed 54336K, reserved 1097728K
  class space    used 7135K, committed 7296K, reserved 1048576K
}
Event: 24009.300 GC heap after
{Heap after GC invocations=2258 (full 2201):
 garbage-first heap   total 133120K, used 41843K [0x0000000084000000, 0x0000000100000000)
  region size 1024K, 0 young (0K), 0 survivors (0K)
 Metaspace       used 53993K, committed 54336K, reserved 1097728K
  class space    used 7135K, committed 7296K, reserved 1048576K
}
Event: 24019.514 GC heap before
{Heap before GC invocations=2258 (full 2201):
 garbage-first heap   total 133120K, used 41843K [0x0000000084000000, 0x0000000100000000)
  region size 1024K, 1 young (1024K), 0 survivors (0K)
 Metaspace       used 53993K, committed 54336K, reserved 1097728K
  class space    used 7135K, committed 7296K, reserved 1048576K
}
Event: 24019.552 GC heap after
{Heap after GC invocations=2259 (full 2202):
 garbage-first heap   total 133120K, used 41843K [0x0000000084000000, 0x0000000100000000)
  region size 1024K, 0 young (0K), 0 survivors (0K)
 Metaspace       used 53993K, committed 54336K, reserved 1097728K
  class space    used 7135K, committed 7296K, reserved 1048576K
}

