# JRE version: OpenJDK Runtime Environment Temurin-17.0.4.1+1 (17.0.4.1+1) (build 17.0.4.1+1)
# Java VM: OpenJDK 64-Bit Server VM Temurin-17.0.4.1+1 (17.0.4.1+1, mixed mode, emulated-client, tiered, compressed oops, compressed class ptrs, g1 gc, windows-amd64)
GC Precious Log:
 CPUs: 8 total, 8 available
 Memory: 7934M
 Large Page Support: Disabled
 NUMA Support: Disabled
 Compressed Oops: Enabled (32-bit)
 Heap Region Size: 1M
 Heap Min Capacity: 8M
 Heap Initial Capacity: 124M
 Heap Max Capacity: 1984M
 Pre-touch: Disabled
 Parallel Workers: 8
 Concurrent Workers: 2
 Concurrent Refinement Workers: 8
 Periodic GC: Disabled
Heap:
 garbage-first heap   total 104448K, used 55551K [0x0000000084000000, 0x0000000100000000)
  region size 1024K, 1 young (1024K), 1 survivors (1024K)
 Metaspace       used 36992K, committed 37312K, reserved 1089536K
  class space    used 4780K, committed 4928K, reserved 1048576K
GC Heap History (20 events):
Event: 2.038 GC heap after
{Heap after GC invocations=6 (full 0):
 garbage-first heap   total 51200K, used 15280K [0x0000000084000000, 0x0000000100000000)
  region size 1024K, 3 young (3072K), 3 survivors (3072K)
 Metaspace       used 28279K, committed 28608K, reserved 1081344K
  class space    used 3557K, committed 3712K, reserved 1048576K
}
Event: 2.382 GC heap before
{Heap before GC invocations=6 (full 0):
 garbage-first heap   total 51200K, used 34736K [0x0000000084000000, 0x0000000100000000)
  region size 1024K, 22 young (22528K), 3 survivors (3072K)
 Metaspace       used 32486K, committed 32768K, reserved 1081344K
  class space    used 4120K, committed 4224K, reserved 1048576K
}
Event: 2.389 GC heap after
{Heap after GC invocations=7 (full 0):
 garbage-first heap   total 61440K, used 17488K [0x0000000084000000, 0x0000000100000000)
  region size 1024K, 2 young (2048K), 2 survivors (2048K)
 Metaspace       used 32486K, committed 32768K, reserved 1081344K
  class space    used 4120K, committed 4224K, reserved 1048576K
}
Event: 2.543 GC heap before
{Heap before GC invocations=7 (full 0):
 garbage-first heap   total 61440K, used 42064K [0x0000000084000000, 0x0000000100000000)
  region size 1024K, 27 young (27648K), 2 survivors (2048K)
 Metaspace       used 33330K, committed 33600K, reserved 1081344K
  class space    used 4236K, committed 4352K, reserved 1048576K
}
Event: 2.548 GC heap after
{Heap after GC invocations=8 (full 0):
 garbage-first heap   total 61440K, used 21962K [0x0000000084000000, 0x0000000100000000)
  region size 1024K, 4 young (4096K), 4 survivors (4096K)
 Metaspace       used 33330K, committed 33600K, reserved 1081344K
  class space    used 4236K, committed 4352K, reserved 1048576K
}
Event: 2.607 GC heap before
{Heap before GC invocations=8 (full 0):
 garbage-first heap   total 61440K, used 41418K [0x0000000084000000, 0x0000000100000000)
  region size 1024K, 24 young (24576K), 4 survivors (4096K)
 Metaspace       used 33645K, committed 33920K, reserved 1081344K
  class space    used 4284K, committed 4416K, reserved 1048576K
}
Event: 2.612 GC heap after
{Heap after GC invocations=9 (full 0):
 garbage-first heap   total 61440K, used 25965K [0x0000000084000000, 0x0000000100000000)
  region size 1024K, 3 young (3072K), 3 survivors (3072K)
 Metaspace       used 33645K, committed 33920K, reserved 1081344K
  class space    used 4284K, committed 4416K, reserved 1048576K
}
Event: 2.671 GC heap before
{Heap before GC invocations=9 (full 0):
 garbage-first heap   total 61440K, used 44397K [0x0000000084000000, 0x0000000100000000)
  region size 1024K, 21 young (21504K), 3 survivors (3072K)
 Metaspace       used 34172K, committed 34496K, reserved 1081344K
  class space    used 4359K, committed 4544K, reserved 1048576K
}
Event: 2.676 GC heap after
{Heap after GC invocations=10 (full 0):
 garbage-first heap   total 61440K, used 29450K [0x0000000084000000, 0x0000000100000000)
  region size 1024K, 3 young (3072K), 3 survivors (3072K)
 Metaspace       used 34172K, committed 34496K, reserved 1081344K
  class space    used 4359K, committed 4544K, reserved 1048576K
}
Event: 2.713 GC heap before
{Heap before GC invocations=10 (full 0):
 garbage-first heap   total 61440K, used 45834K [0x0000000084000000, 0x0000000100000000)
  region size 1024K, 19 young (19456K), 3 survivors (3072K)
 Metaspace       used 34425K, committed 34688K, reserved 1081344K
  class space    used 4398K, committed 4544K, reserved 1048576K
}
Event: 2.717 GC heap after
{Heap after GC invocations=11 (full 0):
 garbage-first heap   total 91136K, used 32359K [0x0000000084000000, 0x0000000100000000)
  region size 1024K, 3 young (3072K), 3 survivors (3072K)
 Metaspace       used 34425K, committed 34688K, reserved 1081344K
  class space    used 4398K, committed 4544K, reserved 1048576K
}
Event: 2.795 GC heap before
{Heap before GC invocations=11 (full 0):
 garbage-first heap   total 91136K, used 64103K [0x0000000084000000, 0x0000000100000000)
  region size 1024K, 34 young (34816K), 3 survivors (3072K)
 Metaspace       used 34798K, committed 35136K, reserved 1081344K
  class space    used 4453K, committed 4608K, reserved 1048576K
}
Event: 2.803 GC heap after
{Heap after GC invocations=12 (full 0):
 garbage-first heap   total 91136K, used 40591K [0x0000000084000000, 0x0000000100000000)
  region size 1024K, 5 young (5120K), 5 survivors (5120K)
 Metaspace       used 34798K, committed 35136K, reserved 1081344K
  class space    used 4453K, committed 4608K, reserved 1048576K
}
Event: 2.861 GC heap before
{Heap before GC invocations=12 (full 0):
 garbage-first heap   total 91136K, used 65167K [0x0000000084000000, 0x0000000100000000)
  region size 1024K, 29 young (29696K), 5 survivors (5120K)
 Metaspace       used 35325K, committed 35648K, reserved 1081344K
  class space    used 4536K, committed 4672K, reserved 1048576K
}
Event: 2.868 GC heap after
{Heap after GC invocations=13 (full 0):
 garbage-first heap   total 91136K, used 46253K [0x0000000084000000, 0x0000000100000000)
  region size 1024K, 4 young (4096K), 4 survivors (4096K)
 Metaspace       used 35325K, committed 35648K, reserved 1081344K
  class space    used 4536K, committed 4672K, reserved 1048576K
}
Event: 2.941 GC heap before
{Heap before GC invocations=13 (full 0):
 garbage-first heap   total 91136K, used 53421K [0x0000000084000000, 0x0000000100000000)
  region size 1024K, 13 young (13312K), 4 survivors (4096K)
 Metaspace       used 35887K, committed 36160K, reserved 1081344K
  class space    used 4661K, committed 4800K, reserved 1048576K
}
Event: 2.947 GC heap after
{Heap after GC invocations=14 (full 0):
 garbage-first heap   total 91136K, used 47916K [0x0000000084000000, 0x0000000100000000)
  region size 1024K, 2 young (2048K), 2 survivors (2048K)
 Metaspace       used 35887K, committed 36160K, reserved 1081344K
  class space    used 4661K, committed 4800K, reserved 1048576K
}
Event: 3.089 GC heap before
{Heap before GC invocations=15 (full 0):
 garbage-first heap   total 91136K, used 68396K [0x0000000084000000, 0x0000000100000000)
  region size 1024K, 22 young (22528K), 2 survivors (2048K)
 Metaspace       used 36986K, committed 37312K, reserved 1089536K
  class space    used 4778K, committed 4928K, reserved 1048576K
}
Event: 3.094 GC heap after
{Heap after GC invocations=16 (full 0):
 garbage-first heap   total 91136K, used 54546K [0x0000000084000000, 0x0000000100000000)
  region size 1024K, 3 young (3072K), 3 survivors (3072K)
 Metaspace       used 36986K, committed 37312K, reserved 1089536K
  class space    used 4778K, committed 4928K, reserved 1048576K
}
Event: 3.097 GC heap before
{Heap before GC invocations=16 (full 0):
 garbage-first heap   total 91136K, used 55570K [0x0000000084000000, 0x0000000100000000)
  region size 1024K, 4 young (4096K), 3 survivors (3072K)
 Metaspace       used 36992K, committed 37312K, reserved 1089536K
  class space    used 4780K, committed 4928K, reserved 1048576K
}

